[INFO] Scanning for projects...
[INFO] 
[INFO] ------------------< com.example:musiccast-controller >------------------
[INFO] Building musiccast-controller 0.0.1-SNAPSHOT
[INFO]   from pom.xml
[INFO] --------------------------------[ jar ]---------------------------------
[INFO] 
[INFO] >>> spring-boot:3.2.0:run (default-cli) > test-compile @ musiccast-controller >>>
[INFO] 
[INFO] --- resources:3.3.1:resources (default-resources) @ musiccast-controller ---
[INFO] Copying 1 resource from src/main/resources to target/classes
[INFO] Copying 2 resources from src/main/resources to target/classes
[INFO] 
[INFO] --- compiler:3.11.0:compile (default-compile) @ musiccast-controller ---
[INFO] Nothing to compile - all classes are up to date
[INFO] 
[INFO] --- resources:3.3.1:testResources (default-testResources) @ musiccast-controller ---
[INFO] skip non existing resourceDirectory /Users/rainerstandke/playground/aws-q-developer/musiccast/musiccast-controller/src/test/resources
[INFO] 
[INFO] --- compiler:3.11.0:testCompile (default-testCompile) @ musiccast-controller ---
[INFO] No sources to compile
[INFO] 
[INFO] <<< spring-boot:3.2.0:run (default-cli) < test-compile @ musiccast-controller <<<
[INFO] 
[INFO] 
[INFO] --- spring-boot:3.2.0:run (default-cli) @ musiccast-controller ---
[INFO] Artifact org.springframework:spring-core:jar:6.0.10 is present in the local repository, but cached from a remote repository ID that is unavailable in current build context, verifying that is downloadable from [central (https://bahnhub.tech.rz.db.de:443/artifactory/sab-kit-maven-remote-virtual, default, releases), snapshots (https://bahnhub.tech.rz.db.de:443/artifactory/sab-kit-maven-remote-virtual, default, snapshots), sab-dispome-maven-release-local (https://bahnhub.tech.rz.db.de:443/artifactory/sab-dispome-maven-release-local, default, releases)]
[INFO] Artifact org.springframework:spring-jcl:jar:6.0.10 is present in the local repository, but cached from a remote repository ID that is unavailable in current build context, verifying that is downloadable from [central (https://bahnhub.tech.rz.db.de:443/artifactory/sab-kit-maven-remote-virtual, default, releases), snapshots (https://bahnhub.tech.rz.db.de:443/artifactory/sab-kit-maven-remote-virtual, default, snapshots), sab-dispome-maven-release-local (https://bahnhub.tech.rz.db.de:443/artifactory/sab-dispome-maven-release-local, default, releases)]
[INFO] Artifact org.springframework:spring-core:jar:6.0.10 is present in the local repository, but cached from a remote repository ID that is unavailable in current build context, verifying that is downloadable from [central (https://bahnhub.tech.rz.db.de:443/artifactory/sab-kit-maven-remote-virtual, default, releases), snapshots (https://bahnhub.tech.rz.db.de:443/artifactory/sab-kit-maven-remote-virtual, default, snapshots), sab-dispome-maven-release-local (https://bahnhub.tech.rz.db.de:443/artifactory/sab-dispome-maven-release-local, default, releases)]
[INFO] Artifact org.springframework:spring-jcl:jar:6.0.10 is present in the local repository, but cached from a remote repository ID that is unavailable in current build context, verifying that is downloadable from [central (https://bahnhub.tech.rz.db.de:443/artifactory/sab-kit-maven-remote-virtual, default, releases), snapshots (https://bahnhub.tech.rz.db.de:443/artifactory/sab-kit-maven-remote-virtual, default, snapshots), sab-dispome-maven-release-local (https://bahnhub.tech.rz.db.de:443/artifactory/sab-dispome-maven-release-local, default, releases)]
Downloading from central: https://bahnhub.tech.rz.db.de:443/artifactory/sab-kit-maven-remote-virtual/org/springframework/spring-core/6.0.10/spring-core-6.0.10.jar
Downloading from central: https://bahnhub.tech.rz.db.de:443/artifactory/sab-kit-maven-remote-virtual/org/springframework/spring-jcl/6.0.10/spring-jcl-6.0.10.jar
Downloading from sab-dispome-maven-release-local: https://bahnhub.tech.rz.db.de:443/artifactory/sab-dispome-maven-release-local/org/springframework/spring-core/6.0.10/spring-core-6.0.10.jar
Downloading from sab-dispome-maven-release-local: https://bahnhub.tech.rz.db.de:443/artifactory/sab-dispome-maven-release-local/org/springframework/spring-jcl/6.0.10/spring-jcl-6.0.10.jar
[INFO] ------------------------------------------------------------------------
[INFO] BUILD FAILURE
[INFO] ------------------------------------------------------------------------
[INFO] Total time:  1.207 s
[INFO] Finished at: 2025-07-17T21:02:00+02:00
[INFO] ------------------------------------------------------------------------
[ERROR] Failed to execute goal org.springframework.boot:spring-boot-maven-plugin:3.2.0:run (default-cli) on project musiccast-controller: Execution default-cli of goal org.springframework.boot:spring-boot-maven-plugin:3.2.0:run failed: Plugin org.springframework.boot:spring-boot-maven-plugin:3.2.0 or one of its dependencies could not be resolved:
[ERROR] 	Could not transfer artifact org.springframework:spring-core:jar:6.0.10 from/to central (https://bahnhub.tech.rz.db.de:443/artifactory/sab-kit-maven-remote-virtual): bahnhub.tech.rz.db.de: nodename nor servname provided, or not known
[ERROR] 	Could not transfer artifact org.springframework:spring-core:jar:6.0.10 from/to sab-dispome-maven-release-local (https://bahnhub.tech.rz.db.de:443/artifactory/sab-dispome-maven-release-local): bahnhub.tech.rz.db.de
[ERROR] 	Could not transfer artifact org.springframework:spring-jcl:jar:6.0.10 from/to central (https://bahnhub.tech.rz.db.de:443/artifactory/sab-kit-maven-remote-virtual): bahnhub.tech.rz.db.de
[ERROR] 	Could not transfer artifact org.springframework:spring-jcl:jar:6.0.10 from/to sab-dispome-maven-release-local (https://bahnhub.tech.rz.db.de:443/artifactory/sab-dispome-maven-release-local): bahnhub.tech.rz.db.de
[ERROR] 
[ERROR] -> [Help 1]
[ERROR] 
[ERROR] To see the full stack trace of the errors, re-run Maven with the -e switch.
[ERROR] Re-run Maven using the -X switch to enable full debug logging.
[ERROR] 
[ERROR] For more information about the errors and possible solutions, please read the following articles:
[ERROR] [Help 1] http://cwiki.apache.org/confluence/display/MAVEN/PluginResolutionException
